<?xml version="1.0" encoding="UTF-8"?>
<!-- Generated by org.testng.reporters.JUnitReportReporter -->
<testsuite skipped="0" hostname="DESKTOP-230DGHF" name="com.nopcommerce.user.User_01_Register_Login_Repeat_Yorself" tests="3" failures="0" timestamp="05 Jun 2021 14:03:23 GMT" time="13.576" errors="0">
  <testcase name="TC_03_Verify" time="1.961" classname="com.nopcommerce.user.User_01_Register_Login_Repeat_Yorself"/>
  <testcase name="TC_02_Login" time="2.958" classname="com.nopcommerce.user.User_01_Register_Login_Repeat_Yorself"/>
  <testcase name="TC_01_Register" time="8.657" classname="com.nopcommerce.user.User_01_Register_Login_Repeat_Yorself"/>
</testsuite> <!-- com.nopcommerce.user.User_01_Register_Login_Repeat_Yorself -->
