<?xml version="1.0" encoding="UTF-8"?>
<!-- Generated by org.testng.reporters.JUnitReportReporter -->
<testsuite skipped="0" hostname="DESKTOP-230DGHF" name="com.nopcommerce.user.User_03_Register_Login_Page_Object_Pattern" tests="3" failures="0" timestamp="03 Jul 2021 13:23:35 GMT" time="18.680" errors="0">
  <testcase name="TC_01_Register" time="10.283" classname="com.nopcommerce.user.User_03_Register_Login_Page_Object_Pattern"/>
  <testcase name="TC_02_Login" time="3.870" classname="com.nopcommerce.user.User_03_Register_Login_Page_Object_Pattern"/>
  <testcase name="TC_03_Verify" time="4.527" classname="com.nopcommerce.user.User_03_Register_Login_Page_Object_Pattern"/>
</testsuite> <!-- com.nopcommerce.user.User_03_Register_Login_Page_Object_Pattern -->
