<?xml version="1.0" encoding="UTF-8"?>
<!-- Generated by org.testng.reporters.JUnitReportReporter -->
<testsuite skipped="0" hostname="DESKTOP-230DGHF" name="com.nopcommerce.user.User_02_Register_Login_BasePage_Part3" tests="3" failures="0" timestamp="09 Jun 2021 08:44:08 GMT" time="16.439" errors="0">
  <testcase name="TC_02_Login" time="3.682" classname="com.nopcommerce.user.User_02_Register_Login_BasePage_Part3"/>
  <testcase name="TC_03_Verify" time="3.220" classname="com.nopcommerce.user.User_02_Register_Login_BasePage_Part3"/>
  <testcase name="TC_01_Register" time="9.537" classname="com.nopcommerce.user.User_02_Register_Login_BasePage_Part3"/>
</testsuite> <!-- com.nopcommerce.user.User_02_Register_Login_BasePage_Part3 -->
