<?xml version="1.0" encoding="UTF-8"?>
<!-- Generated by org.testng.reporters.JUnitReportReporter -->
<testsuite skipped="0" hostname="DESKTOP-230DGHF" name="com.nopcommerce.user.User_02_Register_Login_BasePage_Part1" tests="3" failures="0" timestamp="05 Jun 2021 14:26:47 GMT" time="14.892" errors="0">
  <testcase name="TC_01_Register" time="8.234" classname="com.nopcommerce.user.User_02_Register_Login_BasePage_Part1"/>
  <testcase name="TC_02_Login" time="4.802" classname="com.nopcommerce.user.User_02_Register_Login_BasePage_Part1"/>
  <testcase name="TC_03_Verify" time="1.856" classname="com.nopcommerce.user.User_02_Register_Login_BasePage_Part1"/>
</testsuite> <!-- com.nopcommerce.user.User_02_Register_Login_BasePage_Part1 -->
