<?xml version="1.0" encoding="UTF-8"?>
<!-- Generated by org.testng.reporters.JUnitReportReporter -->
<testsuite skipped="0" hostname="DESKTOP-230DGHF" name="com.nopcommerce.user.User_01_Register_Login" tests="1" failures="0" timestamp="22 May 2021 10:35:51 GMT" time="0.014" errors="0">
  <testcase name="TC_01_Empty_data" time="0.014" classname="com.nopcommerce.user.User_01_Register_Login"/>
</testsuite> <!-- com.nopcommerce.user.User_01_Register_Login -->
