<?xml version="1.0" encoding="UTF-8"?>
<!-- Generated by org.testng.reporters.JUnitReportReporter -->
<testsuite skipped="0" hostname="DESKTOP-230DGHF" name="com.nopcommerce.user.User_02_Register_Login_Page_Object_Pattern" tests="3" failures="0" timestamp="09 Jun 2021 08:55:32 GMT" time="17.774" errors="0">
  <testcase name="TC_03_Verify" time="2.635" classname="com.nopcommerce.user.User_02_Register_Login_Page_Object_Pattern"/>
  <testcase name="TC_02_Login" time="4.982" classname="com.nopcommerce.user.User_02_Register_Login_Page_Object_Pattern"/>
  <testcase name="TC_01_Register" time="10.157" classname="com.nopcommerce.user.User_02_Register_Login_Page_Object_Pattern"/>
</testsuite> <!-- com.nopcommerce.user.User_02_Register_Login_Page_Object_Pattern -->
